<?xml version="1.0" encoding="UTF-8"?>
<testng-results ignored="0" total="1" passed="1" failed="0" skipped="0">
  <reporter-output>
  </reporter-output>
  <suite started-at="2025-04-25T17:54:01 CEST" name="Surefire suite" finished-at="2025-04-25T17:54:03 CEST" duration-ms="2178">
    <groups>
    </groups>
    <test started-at="2025-04-25T17:54:01 CEST" name="Surefire test" finished-at="2025-04-25T17:54:03 CEST" duration-ms="2178">
      <class name="tests.SampleTest">
        <test-method is-config="true" signature="setup()[pri:0, instance:tests.SampleTest@22ef9844]" started-at="2025-04-25T17:54:01 CEST" name="setup" finished-at="2025-04-25T17:54:01 CEST" duration-ms="311" status="PASS">
          <reporter-output>
          </reporter-output>
        </test-method> <!-- setup -->
        <test-method signature="openSauceDemo()[pri:0, instance:tests.SampleTest@22ef9844]" started-at="2025-04-25T17:54:01 CEST" name="openSauceDemo" finished-at="2025-04-25T17:54:03 CEST" duration-ms="1778" status="PASS">
          <reporter-output>
          </reporter-output>
        </test-method> <!-- openSauceDemo -->
      </class> <!-- tests.SampleTest -->
    </test> <!-- Surefire test -->
  </suite> <!-- Surefire suite -->
</testng-results>
